{
  "Cucumber Features": {
    "coverage": {
      "/Users/leonchen/Desktop/TAMUber/app/models/user.rb": [
        1,
        null,
        null,
        1,
        null,
        null
      ],
      "/Users/leonchen/Desktop/TAMUber/app/models/application_record.rb": [
        1,
        1,
        null
      ],
      "/Users/leonchen/Desktop/TAMUber/app/controllers/onduties_controller.rb": [
        1,
        null,
        null,
        1,
        null,
        1,
        0,
        null,
        null,
        1,
        0,
        null,
        null,
        1,
        4,
        null,
        null,
        1,
        null,
        null,
        1,
        null,
        null,
        1,
        0,
        0,
        0,
        null,
        null,
        1,
        null,
        null,
        1,
        0,
        0,
        0,
        null,
        null,
        1,
        0,
        0,
        0,
        null,
        null,
        1,
        0,
        0,
        0,
        null,
        0,
        0,
        0,
        0,
        null,
        0,
        0,
        0,
        0,
        null,
        null,
        0,
        null,
        0,
        null,
        null
      ],
      "/Users/leonchen/Desktop/TAMUber/app/controllers/application_controller.rb": [
        1,
        null,
        null,
        1,
        0,
        0,
        null,
        null
      ],
      "/Users/leonchen/Desktop/TAMUber/app/helpers/application_helper.rb": [
        1,
        null
      ],
      "/Users/leonchen/Desktop/TAMUber/app/helpers/drivers_helper.rb": [
        1,
        null
      ],
      "/Users/leonchen/Desktop/TAMUber/app/helpers/events_helper.rb": [
        1,
        null
      ],
      "/Users/leonchen/Desktop/TAMUber/app/helpers/onduties_helper.rb": [
        1,
        null
      ],
      "/Users/leonchen/Desktop/TAMUber/app/helpers/requests_helper.rb": [
        1,
        null
      ],
      "/Users/leonchen/Desktop/TAMUber/app/helpers/schedules_helper.rb": [
        1,
        null
      ],
      "/Users/leonchen/Desktop/TAMUber/app/helpers/users_helper.rb": [
        1,
        null
      ],
      "/Users/leonchen/Desktop/TAMUber/app/helpers/vehicles_helper.rb": [
        1,
        null
      ],
      "/Users/leonchen/Desktop/TAMUber/app/models/onduty.rb": [
        1,
        null
      ],
      "/Users/leonchen/Desktop/TAMUber/app/controllers/vehicles_controller.rb": [
        1,
        null,
        1,
        null,
        1,
        3,
        null,
        null,
        1,
        1,
        null,
        null,
        1,
        5,
        null,
        null,
        1,
        null,
        null,
        1,
        null,
        null,
        1,
        0,
        0,
        0,
        null,
        null,
        1,
        null,
        null,
        1,
        1,
        1,
        1,
        null,
        null,
        1,
        1,
        1,
        1,
        null,
        null
      ],
      "/Users/leonchen/Desktop/TAMUber/app/models/vehicle.rb": [
        1,
        null
      ],
      "/Users/leonchen/Desktop/TAMUber/app/mailers/user_mailer.rb": [
        0,
        0,
        0,
        0,
        0,
        0,
        0,
        0
      ],
      "/Users/leonchen/Desktop/TAMUber/app/mailers/application_mailer.rb": [
        0,
        0,
        0,
        0
      ],
      "/Users/leonchen/Desktop/TAMUber/app/models/driver.rb": [
        0,
        0,
        0
      ],
      "/Users/leonchen/Desktop/TAMUber/app/models/request.rb": [
        0,
        0
      ],
      "/Users/leonchen/Desktop/TAMUber/app/models/alerts.rb": [
        0,
        0
      ],
      "/Users/leonchen/Desktop/TAMUber/app/models/event.rb": [
        0,
        0,
        0,
        0,
        0,
        0,
        0,
        0
      ],
      "/Users/leonchen/Desktop/TAMUber/app/jobs/application_job.rb": [
        0,
        0
      ],
      "/Users/leonchen/Desktop/TAMUber/app/controllers/requests_controller.rb": [
        0,
        null,
        0,
        null,
        0,
        0,
        0,
        null,
        0,
        0,
        0,
        null,
        null,
        null,
        0,
        0,
        0,
        null,
        0,
        0,
        null,
        0,
        0,
        null,
        0,
        0,
        0,
        0,
        0,
        0,
        0,
        null,
        0,
        0,
        0,
        0,
        0,
        0,
        0,
        0,
        0,
        0,
        0,
        0,
        0,
        0,
        null,
        0,
        null,
        0,
        0,
        0,
        0,
        null,
        0,
        0,
        0,
        0,
        null,
        0,
        0,
        null,
        0,
        0,
        0,
        0,
        0,
        null,
        0,
        0,
        0,
        0,
        0,
        0
      ],
      "/Users/leonchen/Desktop/TAMUber/app/controllers/events_controller.rb": [
        0,
        0,
        null,
        0,
        0,
        0,
        0,
        null,
        0,
        0,
        null,
        0,
        0,
        0,
        0,
        null,
        0,
        0,
        null,
        0,
        0,
        0,
        0,
        null,
        0,
        0,
        0,
        0,
        null,
        0,
        0,
        0,
        0,
        null,
        0,
        0,
        0,
        0,
        null,
        0,
        0,
        0,
        0
      ],
      "/Users/leonchen/Desktop/TAMUber/app/controllers/users_controller.rb": [
        0,
        null,
        null,
        0,
        0,
        0,
        0
      ],
      "/Users/leonchen/Desktop/TAMUber/app/controllers/drivers_controller.rb": [
        0,
        null,
        0,
        null,
        0,
        0,
        0,
        null,
        0,
        0,
        0,
        null,
        0,
        0,
        0,
        null,
        0,
        0,
        null,
        0,
        0,
        0,
        0,
        null,
        0,
        0,
        0,
        0,
        0,
        null,
        0,
        0,
        0,
        null,
        0,
        0,
        0,
        0,
        0,
        null,
        0,
        0,
        0,
        0,
        0,
        0
      ],
      "/Users/leonchen/Desktop/TAMUber/app/controllers/alerts_controller.rb": [
        0,
        null,
        0,
        null,
        0,
        0,
        0,
        null,
        0,
        0,
        0,
        null,
        0,
        0,
        0,
        null,
        0,
        0,
        null,
        0,
        0,
        0,
        0,
        0,
        null,
        0
      ],
      "/Users/leonchen/Desktop/TAMUber/app/controllers/schedules_controller.rb": [
        0,
        0,
        null,
        null,
        null,
        null,
        0,
        0,
        0,
        0,
        0,
        0,
        0,
        0,
        null,
        null,
        null,
        0,
        0,
        null,
        null,
        0,
        0,
        0,
        null,
        null,
        0,
        0,
        null,
        null,
        null,
        0,
        0,
        null,
        0,
        0,
        0,
        0,
        0,
        0,
        0,
        0,
        0,
        0,
        null,
        null,
        null,
        0,
        0,
        0,
        0,
        0,
        0,
        0,
        0,
        0,
        0,
        0,
        null,
        null,
        null,
        0,
        0,
        0,
        0,
        0,
        0,
        0,
        null,
        0,
        null,
        0,
        0,
        0,
        null,
        null,
        0,
        0,
        0,
        0
      ],
      "/Users/leonchen/Desktop/TAMUber/app/channels/application_cable/connection.rb": [
        0,
        0,
        0,
        0
      ],
      "/Users/leonchen/Desktop/TAMUber/app/channels/application_cable/channel.rb": [
        0,
        0,
        0,
        0
      ]
    },
    "timestamp": 1554412027
  },
  "RSpec": {
    "coverage": {
      "/Users/leonchen/Desktop/TAMUber/app/models/user.rb": [
        1,
        null,
        null,
        1,
        null,
        null
      ],
      "/Users/leonchen/Desktop/TAMUber/app/models/application_record.rb": [
        1,
        1,
        null
      ],
      "/Users/leonchen/Desktop/TAMUber/app/helpers/application_helper.rb": [
        1,
        null
      ],
      "/Users/leonchen/Desktop/TAMUber/app/helpers/drivers_helper.rb": [
        1,
        null
      ],
      "/Users/leonchen/Desktop/TAMUber/app/helpers/events_helper.rb": [
        1,
        null
      ],
      "/Users/leonchen/Desktop/TAMUber/app/helpers/onduties_helper.rb": [
        1,
        null
      ],
      "/Users/leonchen/Desktop/TAMUber/app/helpers/requests_helper.rb": [
        1,
        null
      ],
      "/Users/leonchen/Desktop/TAMUber/app/helpers/schedules_helper.rb": [
        1,
        null
      ],
      "/Users/leonchen/Desktop/TAMUber/app/helpers/users_helper.rb": [
        1,
        null
      ],
      "/Users/leonchen/Desktop/TAMUber/app/helpers/vehicles_helper.rb": [
        1,
        null
      ],
      "/Users/leonchen/Desktop/TAMUber/app/controllers/drivers_controller.rb": [
        1,
        1,
        1,
        null,
        1,
        7,
        null,
        null,
        1,
        6,
        null,
        null,
        1,
        1,
        null,
        null,
        1,
        null,
        null,
        1,
        0,
        0,
        null,
        null,
        1,
        3,
        3,
        3,
        null,
        null,
        1,
        1,
        null,
        null,
        1,
        3,
        3,
        3,
        null,
        null,
        1,
        3,
        3,
        3,
        null,
        null
      ],
      "/Users/leonchen/Desktop/TAMUber/app/controllers/application_controller.rb": [
        1,
        1,
        null,
        1,
        0,
        0,
        null,
        null
      ],
      "/Users/leonchen/Desktop/TAMUber/app/controllers/users_controller.rb": [
        1,
        1,
        null,
        1,
        1,
        null,
        null
      ],
      "/Users/leonchen/Desktop/TAMUber/app/controllers/vehicles_controller.rb": [
        1,
        1,
        1,
        null,
        1,
        7,
        null,
        null,
        1,
        7,
        null,
        null,
        1,
        1,
        null,
        null,
        1,
        null,
        null,
        1,
        null,
        null,
        1,
        3,
        3,
        3,
        null,
        null,
        1,
        null,
        null,
        1,
        4,
        4,
        4,
        null,
        null,
        1,
        3,
        3,
        3,
        null,
        null
      ],
      "/Users/leonchen/Desktop/TAMUber/app/models/driver.rb": [
        1,
        1,
        null
      ],
      "/Users/leonchen/Desktop/TAMUber/app/models/vehicle.rb": [
        1,
        null
      ],
      "/Users/leonchen/Desktop/TAMUber/app/mailers/user_mailer.rb": [
        0,
        0,
        0,
        0,
        0,
        0,
        0,
        0
      ],
      "/Users/leonchen/Desktop/TAMUber/app/mailers/application_mailer.rb": [
        0,
        0,
        0,
        0
      ],
      "/Users/leonchen/Desktop/TAMUber/app/models/onduty.rb": [
        0,
        0
      ],
      "/Users/leonchen/Desktop/TAMUber/app/models/request.rb": [
        0,
        0
      ],
      "/Users/leonchen/Desktop/TAMUber/app/models/alerts.rb": [
        0,
        0
      ],
      "/Users/leonchen/Desktop/TAMUber/app/models/event.rb": [
        0,
        0,
        0,
        0,
        0,
        0,
        0,
        0
      ],
      "/Users/leonchen/Desktop/TAMUber/app/jobs/application_job.rb": [
        0,
        0
      ],
      "/Users/leonchen/Desktop/TAMUber/app/controllers/requests_controller.rb": [
        0,
        0,
        0,
        null,
        0,
        0,
        0,
        null,
        0,
        0,
        0,
        null,
        null,
        null,
        0,
        0,
        0,
        null,
        0,
        0,
        null,
        0,
        0,
        null,
        0,
        0,
        0,
        0,
        0,
        0,
        0,
        null,
        0,
        0,
        0,
        0,
        0,
        0,
        0,
        0,
        0,
        0,
        0,
        0,
        0,
        0,
        null,
        0,
        null,
        0,
        0,
        0,
        0,
        null,
        0,
        0,
        0,
        0,
        null,
        0,
        0,
        null,
        0,
        0,
        0,
        0,
        0,
        null,
        0,
        0,
        0,
        0,
        0,
        0
      ],
      "/Users/leonchen/Desktop/TAMUber/app/controllers/events_controller.rb": [
        0,
        0,
        null,
        0,
        0,
        0,
        0,
        null,
        0,
        0,
        null,
        0,
        0,
        0,
        0,
        null,
        0,
        0,
        null,
        0,
        0,
        0,
        0,
        null,
        0,
        0,
        0,
        0,
        null,
        0,
        0,
        0,
        0,
        null,
        0,
        0,
        0,
        0,
        null,
        0,
        0,
        0,
        0
      ],
      "/Users/leonchen/Desktop/TAMUber/app/controllers/onduties_controller.rb": [
        0,
        0,
        0,
        0,
        null,
        0,
        0,
        0,
        null,
        0,
        0,
        0,
        null,
        0,
        0,
        0,
        null,
        0,
        0,
        null,
        0,
        0,
        null,
        0,
        0,
        0,
        0,
        0,
        null,
        0,
        0,
        null,
        0,
        0,
        0,
        0,
        0,
        null,
        0,
        0,
        0,
        0,
        0,
        null,
        0,
        0,
        0,
        0,
        null,
        0,
        0,
        0,
        0,
        0,
        0,
        0,
        0,
        0,
        0,
        0,
        0,
        0,
        0,
        0,
        0
      ],
      "/Users/leonchen/Desktop/TAMUber/app/controllers/alerts_controller.rb": [
        0,
        0,
        0,
        null,
        0,
        0,
        0,
        null,
        0,
        0,
        0,
        null,
        0,
        0,
        0,
        null,
        0,
        0,
        null,
        0,
        0,
        0,
        0,
        0,
        null,
        0
      ],
      "/Users/leonchen/Desktop/TAMUber/app/controllers/schedules_controller.rb": [
        0,
        0,
        0,
        null,
        null,
        null,
        0,
        0,
        null,
        null,
        null,
        0,
        0,
        null,
        null,
        0,
        0,
        0,
        null,
        null,
        0,
        0,
        null,
        null,
        null,
        0,
        0,
        null,
        0,
        0,
        0,
        0,
        0,
        0,
        0,
        0,
        0,
        0,
        null,
        null,
        null,
        0,
        0,
        0,
        0,
        0,
        0,
        0,
        0,
        0,
        0,
        0,
        null,
        null,
        null,
        0,
        0,
        0,
        0,
        0,
        0,
        0,
        null,
        0,
        null,
        0,
        0,
        0,
        null,
        null,
        0,
        0,
        0,
        0
      ],
      "/Users/leonchen/Desktop/TAMUber/app/channels/application_cable/connection.rb": [
        0,
        0,
        0,
        0
      ],
      "/Users/leonchen/Desktop/TAMUber/app/channels/application_cable/channel.rb": [
        0,
        0,
        0,
        0
      ]
    },
    "timestamp": 1554335355
  }
}
